<?xml version="1.0" encoding="UTF-8"?>
<testsuite name="com.jackbaretto.scrumtest.extractor.OCRTest" time="0.011" tests="1" errors="1" skipped="0" failures="0">
  <properties>
[...]
</properties>
  <testcase name="recognitionCountTest" classname="com.jackbaretto.scrumtest.extractor.OCRTest" time="0.011">
    <error type="java.lang.NullPointerException:">java.lang.NullPointerException: null
	at com.jackbaretto.scrumtest.extractor.OCRTest.getSampleMCQUrl(OCRTest.java:43)
	at com.jackbaretto.scrumtest.extractor.OCRTest.recognitionCountTest(OCRTest.java:31)
</error>
    <system-out><![CDATA[12:12:23.293 [main] INFO  o.s.b.t.c.SpringBootTestContextBootstrapper - Neither @ContextConfiguration nor @ContextHierarchy found for test class [com.jackbaretto.scrumtest.extractor.OCRTest], using SpringBootContextLoader
12:12:23.294 [main] INFO  o.s.t.c.s.AbstractContextLoader - Could not detect default resource locations for test class [com.jackbaretto.scrumtest.extractor.OCRTest]: no resource found for suffixes {-context.xml, Context.groovy}.
12:12:23.300 [main] INFO  o.s.b.t.c.SpringBootTestContextBootstrapper - Loaded default TestExecutionListener class names from location [META-INF/spring.factories]: [org.springframework.boot.test.mock.mockito.MockitoTestExecutionListener, org.springframework.boot.test.mock.mockito.ResetMocksTestExecutionListener, org.springframework.boot.test.autoconfigure.restdocs.RestDocsTestExecutionListener, org.springframework.boot.test.autoconfigure.web.client.MockRestServiceServerResetTestExecutionListener, org.springframework.boot.test.autoconfigure.web.servlet.MockMvcPrintOnlyOnFailureTestExecutionListener, org.springframework.boot.test.autoconfigure.web.servlet.WebDriverTestExecutionListener, org.springframework.test.context.web.ServletTestExecutionListener, org.springframework.test.context.support.DirtiesContextBeforeModesTestExecutionListener, org.springframework.test.context.support.DependencyInjectionTestExecutionListener, org.springframework.test.context.support.DirtiesContextTestExecutionListener, org.springframework.test.context.transaction.TransactionalTestExecutionListener, org.springframework.test.context.jdbc.SqlScriptsTestExecutionListener]
12:12:23.311 [main] INFO  o.s.b.t.c.SpringBootTestContextBootstrapper - Using TestExecutionListeners: [org.springframework.test.context.web.ServletTestExecutionListener@4167d97b, org.springframework.test.context.support.DirtiesContextBeforeModesTestExecutionListener@14fa86ae, org.springframework.boot.test.autoconfigure.SpringBootDependencyInjectionTestExecutionListener@6e15fe2, org.springframework.test.context.support.DirtiesContextTestExecutionListener@68f1b17f, org.springframework.test.context.transaction.TransactionalTestExecutionListener@1722011b, org.springframework.test.context.jdbc.SqlScriptsTestExecutionListener@57ad2aa7, org.springframework.boot.test.autoconfigure.web.client.MockRestServiceServerResetTestExecutionListener@5b3f61ff, org.springframework.boot.test.mock.mockito.MockitoTestExecutionListener@3e2059ae, org.springframework.boot.test.autoconfigure.restdocs.RestDocsTestExecutionListener@398dada8, org.springframework.boot.test.autoconfigure.web.servlet.WebDriverTestExecutionListener@7cb502c, org.springframework.boot.test.mock.mockito.ResetMocksTestExecutionListener@275bf9b3, org.springframework.boot.test.autoconfigure.web.servlet.MockMvcPrintOnlyOnFailureTestExecutionListener@1b8a29df]

  .   ____          _            __ _ _
 /\\ / ___'_ __ _ _(_)_ __  __ _ \ \ \ \
( ( )\___ | '_ | '_| | '_ \/ _` | \ \ \ \
 \\/  ___)| |_)| | | | | || (_| |  ) ) ) )
  '  |____| .__|_| |_|_| |_\__, | / / / /
 =========|_|==============|___/=/_/_/_/
 :: Spring Boot ::        (v1.4.2.RELEASE)

12:12:23.777 [main] INFO  c.j.scrumtest.extractor.OCRTest - Starting OCRTest on mehdi-XPS-13-9350 with PID 18004 (started by mehdi in /home/mehdi/workspaces/java/scrumtest)
12:12:23.778 [main] INFO  c.j.scrumtest.extractor.OCRTest - The following profiles are active: dev
12:12:24.114 [main] INFO  o.s.w.c.s.GenericWebApplicationContext - Refreshing org.springframework.web.context.support.GenericWebApplicationContext@5827af16: startup date [Mon Apr 24 12:12:24 CEST 2017]; root of context hierarchy
12:12:24.206 [background-preinit] INFO  o.h.validator.internal.util.Version - HV000001: Hibernate Validator 5.2.4.Final
12:12:24.269 [main] INFO  o.s.b.f.a.AutowiredAnnotationBeanPostProcessor - JSR-330 'javax.inject.Inject' annotation found and supported for autowiring
12:12:24.726 [main] INFO  c.j.scrumtest.extractor.OCRTest - Started OCRTest in 1.378 seconds (JVM running for 2.595)
]]></system-out>
  </testcase>
</testsuite>